2018-09-19 08:16:55 9396 [Note] Plugin 'FEDERATED' is disabled.
2018-09-19 08:16:55 9396 [Note] InnoDB: The InnoDB memory heap is disabled
2018-09-19 08:16:55 9396 [Note] InnoDB: Mutexes and rw_locks use Windows interlocked functions
2018-09-19 08:16:55 9396 [Note] InnoDB: Compressed tables use zlib 1.2.3
2018-09-19 08:16:55 9396 [Note] InnoDB: Not using CPU crc32 instructions
2018-09-19 08:16:55 9396 [Note] InnoDB: Initializing buffer pool, size = 128.0M
2018-09-19 08:16:55 9396 [Note] InnoDB: Completed initialization of buffer pool
2018-09-19 08:16:55 9396 [Note] InnoDB: Setting log file C:\Users\ite15-3\Desktop\Resources\USBWebserver v8.6\mysql\data\ib_logfile101 size to 5 MB
2018-09-19 08:16:55 9396 [Note] InnoDB: Setting log file C:\Users\ite15-3\Desktop\Resources\USBWebserver v8.6\mysql\data\ib_logfile1 size to 5 MB
2018-09-19 08:16:56 9396 [Note] InnoDB: Renaming log file C:\Users\ite15-3\Desktop\Resources\USBWebserver v8.6\mysql\data\ib_logfile101 to C:\Users\ite15-3\Desktop\Resources\USBWebserver v8.6\mysql\data\ib_logfile0
2018-09-19 08:16:56 9396 [Warning] InnoDB: New log files created, LSN=1626134
2018-09-19 08:16:56 9396 [Note] InnoDB: Highest supported file format is Barracuda.
2018-09-19 08:16:57 9396 [Note] InnoDB: 128 rollback segment(s) are active.
2018-09-19 08:16:57 9396 [Note] InnoDB: Waiting for purge to start
2018-09-19 08:16:57 9396 [Note] InnoDB: 5.6.13 started; log sequence number 1626636
2018-09-19 08:16:57 9396 [Warning] No existing UUID has been found, so we assume that this is the first time that this server has been started. Generating a new UUID: 51db4246-bba1-11e8-a507-98eecb161098.
2018-09-19 08:16:57 9396 [Note] Server hostname (bind-address): '*'; port: 3307
2018-09-19 08:16:57 9396 [Note] IPv6 is available.
2018-09-19 08:16:57 9396 [Note]   - '::' resolves to '::';
2018-09-19 08:16:57 9396 [Note] Server socket created on IP: '::'.
2018-09-19 08:17:09 6304 [Note] Plugin 'FEDERATED' is disabled.
2018-09-19 08:17:09 6304 [Note] InnoDB: The InnoDB memory heap is disabled
2018-09-19 08:17:09 6304 [Note] InnoDB: Mutexes and rw_locks use Windows interlocked functions
2018-09-19 08:17:09 6304 [Note] InnoDB: Compressed tables use zlib 1.2.3
2018-09-19 08:17:09 6304 [Note] InnoDB: Not using CPU crc32 instructions
2018-09-19 08:17:09 6304 [Note] InnoDB: Initializing buffer pool, size = 128.0M
2018-09-19 08:17:09 6304 [Note] InnoDB: Completed initialization of buffer pool
2018-09-19 08:17:09 6304 [Note] InnoDB: Highest supported file format is Barracuda.
2018-09-19 08:17:09 6304 [Note] InnoDB: The log sequence numbers 1626134 and 1626134 in ibdata files do not match the log sequence number 1626646 in the ib_logfiles!
2018-09-19 08:17:09 6304 [Note] InnoDB: Database was not shutdown normally!
2018-09-19 08:17:09 6304 [Note] InnoDB: Starting crash recovery.
2018-09-19 08:17:09 6304 [Note] InnoDB: Reading tablespace information from the .ibd files...
2018-09-19 08:17:09 6304 [Note] InnoDB: Restoring possible half-written data pages 
2018-09-19 08:17:09 6304 [Note] InnoDB: from the doublewrite buffer...
2018-09-19 08:17:09 6304 [Note] InnoDB: 128 rollback segment(s) are active.
2018-09-19 08:17:09 6304 [Note] InnoDB: Waiting for purge to start
2018-09-19 08:17:09 6304 [Note] InnoDB: 5.6.13 started; log sequence number 1626646
2018-09-19 08:17:09 6304 [Note] Server hostname (bind-address): '*'; port: 3307
2018-09-19 08:17:09 6304 [Note] IPv6 is available.
2018-09-19 08:17:09 6304 [Note]   - '::' resolves to '::';
2018-09-19 08:17:09 6304 [Note] Server socket created on IP: '::'.
2018-09-22 07:48:16 9488 [Note] Plugin 'FEDERATED' is disabled.
2018-09-22 07:48:16 9488 [Note] InnoDB: The InnoDB memory heap is disabled
2018-09-22 07:48:16 9488 [Note] InnoDB: Mutexes and rw_locks use Windows interlocked functions
2018-09-22 07:48:16 9488 [Note] InnoDB: Compressed tables use zlib 1.2.3
2018-09-22 07:48:16 9488 [Note] InnoDB: Not using CPU crc32 instructions
2018-09-22 07:48:16 9488 [Note] InnoDB: Initializing buffer pool, size = 128.0M
2018-09-22 07:48:16 9488 [Note] InnoDB: Completed initialization of buffer pool
2018-09-22 07:48:16 9488 [Note] InnoDB: Highest supported file format is Barracuda.
2018-09-22 07:48:16 9488 [Note] InnoDB: The log sequence numbers 1626134 and 1626134 in ibdata files do not match the log sequence number 3422287 in the ib_logfiles!
2018-09-22 07:48:16 9488 [Note] InnoDB: Database was not shutdown normally!
2018-09-22 07:48:16 9488 [Note] InnoDB: Starting crash recovery.
2018-09-22 07:48:16 9488 [Note] InnoDB: Reading tablespace information from the .ibd files...
2018-09-22 07:48:17 9488 [Note] InnoDB: Restoring possible half-written data pages 
2018-09-22 07:48:17 9488 [Note] InnoDB: from the doublewrite buffer...
2018-09-22 07:48:17 9488 [Note] InnoDB: 128 rollback segment(s) are active.
2018-09-22 07:48:17 9488 [Note] InnoDB: Waiting for purge to start
2018-09-22 07:48:17 9488 [Note] InnoDB: 5.6.13 started; log sequence number 3422287
2018-09-22 07:48:17 9488 [Note] Server hostname (bind-address): '*'; port: 3307
2018-09-22 07:48:17 9488 [Note] IPv6 is available.
2018-09-22 07:48:17 9488 [Note]   - '::' resolves to '::';
2018-09-22 07:48:17 9488 [Note] Server socket created on IP: '::'.
2018-09-22 07:48:39 10572 [Note] Plugin 'FEDERATED' is disabled.
2018-09-22 07:48:39 10572 [Note] InnoDB: The InnoDB memory heap is disabled
2018-09-22 07:48:39 10572 [Note] InnoDB: Mutexes and rw_locks use Windows interlocked functions
2018-09-22 07:48:39 10572 [Note] InnoDB: Compressed tables use zlib 1.2.3
2018-09-22 07:48:39 10572 [Note] InnoDB: Not using CPU crc32 instructions
2018-09-22 07:48:39 10572 [Note] InnoDB: Initializing buffer pool, size = 128.0M
2018-09-22 07:48:39 10572 [Note] InnoDB: Completed initialization of buffer pool
2018-09-22 07:48:39 10572 [Note] InnoDB: Highest supported file format is Barracuda.
2018-09-22 07:48:39 10572 [Note] InnoDB: The log sequence numbers 1626134 and 1626134 in ibdata files do not match the log sequence number 3427055 in the ib_logfiles!
2018-09-22 07:48:39 10572 [Note] InnoDB: Database was not shutdown normally!
2018-09-22 07:48:39 10572 [Note] InnoDB: Starting crash recovery.
2018-09-22 07:48:39 10572 [Note] InnoDB: Reading tablespace information from the .ibd files...
2018-09-22 07:48:39 10572 [Note] InnoDB: Restoring possible half-written data pages 
2018-09-22 07:48:39 10572 [Note] InnoDB: from the doublewrite buffer...
2018-09-22 07:48:40 10572 [Note] InnoDB: 128 rollback segment(s) are active.
2018-09-22 07:48:40 10572 [Note] InnoDB: Waiting for purge to start
2018-09-22 07:48:40 10572 [Note] InnoDB: 5.6.13 started; log sequence number 3427055
2018-09-22 07:48:40 10572 [Note] Server hostname (bind-address): '*'; port: 3307
2018-09-22 07:48:40 10572 [Note] IPv6 is available.
2018-09-22 07:48:40 10572 [Note]   - '::' resolves to '::';
2018-09-22 07:48:40 10572 [Note] Server socket created on IP: '::'.
2018-09-26 68:02:052:05 11028 [Note] Plugin 'FEDER' is disabled.
led.
20188-09-26 08::002:06 1100 [N2te] InnoDBI: TDh:e hennoDno Demoremo hry  is  isisdabledd
2018-09-26 08:02:06 11028 [Note] InnoDB: Mutex2018-09-26 08ks u:e02:06 11 interlotocked oDB:fMunexections
s and rw_locks use Windows interlocked functio18n0s
9-26 08:02:06 11028 [Note] InnoDB:2C018-09-26 08:02:06se zl2ib 1.2.3
InnoDB: Compressed tables use zlib 1.2.3
20118-09-266 08:2026:116028 [No[toe] InnoDB:: Not using CPUU crc32i insuctructi
ons
2018--9-96 08:02:02:061028 [Note] In InnoDB: Initializing buffer po,l, iize = 128.0M
2018-099-26 08:02:06 11028 [Note] InnoDB: Completed initialization of buffer pool

2018-09-26 08:02:06 11028 [ERROR] InnoDB: C:\Users\ite15-3\Desktop\Resources\USBWebserver v8.6\mysql\data\ibdata1 can't be opened in read-write mode
2018-09-26 08:02:06 11028 [ERROR] InnoDB: The system tablespace must be writable!
2018-09-26 08:02:06 11028 [ERROR] Plugin 'InnoDB' init function returned error.
2018-09-26 08:02:06 11028 [ERROR] Plugin 'InnoDB' registration as a STORAGE ENGINE failed.
2018-09-26 08:02:06 11028 [ERROR] Unknown/unsupported storage engine: InnoDB
2018-09-26 08:02:06 11028 [ERROR] Aborting

2018-09-26 08:02:06 11028 [Note] Binlog end
2018-09-26 08:02:06 11028 [Note] Shutting down plugin 'partition'
2018-09-26 08:02:06 11028 [Note] Shutting down plugin 'PERFORMANCE_SCHEMA'
2018-09-26 08:02:06 11028 [Note] Shutting down plugin 'INNODB_SYS_DATAFILES'
2018-09-26 08:02:06 11028 [Note] Shutting down plugin 'INNODB_SYS_TABLESPACES'
2018-09-26 08:02:06 11028 [Note] Shutting down plugin 'INNODB_SYS_FOREIGN_COLS'
2018-09-26 08:02:06 11028 [Note] Shutting down plugin 'INNODB_SYS_FOREIGN'
2018-09-26 08:02:06 11028 [Note] Shutting down plugin 'INNODB_SYS_FIELDS'
2018-09-26 08:02:06 11028 [Note] Shutting down plugin 'INNODB_SYS_COLUMNS'
2018-09-26 08:02:06 11028 [Note] Shutting down plugin 'INNODB_SYS_INDEXES'
2018-09-26 08:02:06 11028 [Note] Shutting down plugin 'INNODB_SYS_TABLESTATS'
2018-09-26 08:02:06 11028 [Note] Shutting down plugin 'INNODB_SYS_TABLES'
2018-09-26 08:02:06 11028 [Note] Shutting down plugin 'INNODB_FT_INDEX_TABLE'
2018-09-26 08:02:06 11028 [Note] Shutting down plugin 'INNODB_FT_INDEX_CACHE'
2018-09-26 08:02:06 11028 [Note] Shutting down plugin 'INNODB_FT_CONFIG'
2018-09-26 08:02:06 11028 [Note] Shutting down plugin 'INNODB_FT_BEING_DELETED'
2018-09-26 08:02:06 11028 [Note] Shutting down plugin 'INNODB_FT_DELETED'
2018-09-26 08:02:06 11028 [Note] Shutting down plugin 'INNODB_FT_DEFAULT_STOPWORD'
2018-09-26 08:02:06 11028 [Note] Shutting down plugin 'INNODB_METRICS'
2018-09-26 08:02:06 11028 [Note] Shutting down plugin 'INNODB_BUFFER_POOL_STATS'
2018-09-26 08:02:06 11028 [Note] Shutting down plugin 'INNODB_BUFFER_PAGE_LRU'
2018-09-26 08:02:06 11028 [Note] Shutting down plugin 'INNODB_BUFFER_PAGE'
2018-09-26 08:02:06 11028 [Note] Shutting down plugin 'INNODB_CMP_PER_INDEX_RESET'
2018-09-26 08:02:06 11028 [Note] Shutting down plugin 'INNODB_CMP_PER_INDEX'
2018-09-26 08:02:06 11028 [Note] Shutting down plugin 'INNODB_CMPMEM_RESET'
2018-09-26 08:02:06 11028 [Note] Shutting down plugin 'INNODB_CMPMEM'
2018-09-26 08:02:06 11028 [Note] Shutting down plugin 'INNODB_CMP_RESET'
2018-09-26 08:02:06 11028 [Note] Shutting down plugin 'INNODB_CMP'
2018-09-26 08:02:06 11028 [Note] Shutting down plugin 'INNODB_LOCK_WAITS'
2018-09-26 08:02:06 11028 [Note] Shutting down plugin 'INNODB_LOCKS'
2018-09-26 08:02:06 11028 [Note] Shutting down plugin 'INNODB_TRX'
2018-09-26 08:02:06 11028 [Note] Shutting down plugin 'BLACKHOLE'
2018-09-26 08:02:06 11028 [Note] Shutting down plugin 'ARCHIVE'
2018-09-26 08:02:06 11028 [Note] Shutting down plugin 'MRG_MYISAM'
2018-09-26 08:02:06 11028 [Note] Shutting down plugin 'MyISAM'
2018-09-26 08:02:06 11028 [Note] Shutting down plugin 'MEMORY'
2018-09-26 08:02:06 11028 [Note] Shutting down plugin 'CSV'
2018-09-26 08:02:06 11028 [Note] Shutting down plugin 'sha256_password'
2018-09-26 08:02:06 11028 [Note] Shutting down plugin 'mysql_old_password'
2018-09-26 08:02:06 11028 [Note] Shutting down plugin 'mysql_native_password'
2018-09-26 08:02:06 11028 [Note] Shutting down plugin 'binlog'
2018-09-26 08:02:06 11028 [Note] C:\Users\ite15-3\Desktop\Resources\USBWebserver v8.6/mysql/bin/mysqld_usbwv8.exe: Shutdown complete

2018-09-26 08:02:07 11020 [Note] InnoDB: Highest supported file format is Barracuda.
2018-09-26 08:02:07 11020 [Note] InnoDB: The log sequence numbers 1626134 and 1626134 in ibdata files do not match the log sequence number 4570852 in the ib_logfiles!
2018-09-26 08:02:07 11020 [Note] InnoDB: Database was not shutdown normally!
2018-09-26 08:02:07 11020 [Note] InnoDB: Starting crash recovery.
2018-09-26 08:02:07 11020 [Note] InnoDB: Reading tablespace information from the .ibd files...
2018-09-26 08:02:08 11020 [Note] InnoDB: Restoring possible half-written data pages 
2018-09-26 08:02:08 11020 [Note] InnoDB: from the doublewrite buffer...
2018-09-26 08:02:09 11020 [Note] InnoDB: 128 rollback segment(s) are active.
2018-09-26 08:02:09 11020 [Note] InnoDB: Waiting for purge to start
2018-09-26 08:02:09 11020 [Note] InnoDB: 5.6.13 started; log sequence number 4570852
2018-09-26 08:02:09 11020 [Note] Server hostname (bind-address): '*'; port: 3307
2018-09-26 08:02:09 11020 [Note] IPv6 is available.
2018-09-26 08:02:09 11020 [Note]   - '::' resolves to '::';
2018-09-26 08:02:09 11020 [Note] Server socket created on IP: '::'.
2018-09-26 08:02:40 6980 [Note] Plugin 'FEDERATED' is disabled.
2018-09-26 08:02:40 6980 [Note] InnoDB: The InnoDB memory heap is disabled
2018-09-26 08:02:40 6980 [Note] InnoDB: Mutexes and rw_locks use Windows interlocked functions
2018-09-26 08:02:40 6980 [Note] InnoDB: Compressed tables use zlib 1.2.3
2018-09-26 08:02:40 6980 [Note] InnoDB: Not using CPU crc32 instructions
2018-09-26 08:02:40 6980 [Note] InnoDB: Initializing buffer pool, size = 128.0M
2018-09-26 08:02:40 6980 [Note] InnoDB: Completed initialization of buffer pool
2018-09-26 08:02:40 6980 [Note] InnoDB: Highest supported file format is Barracuda.
2018-09-26 08:02:40 6980 [Note] InnoDB: The log sequence numbers 1626134 and 1626134 in ibdata files do not match the log sequence number 4576098 in the ib_logfiles!
2018-09-26 08:02:40 6980 [Note] InnoDB: Database was not shutdown normally!
2018-09-26 08:02:40 6980 [Note] InnoDB: Starting crash recovery.
2018-09-26 08:02:40 6980 [Note] InnoDB: Reading tablespace information from the .ibd files...
2018-09-26 08:02:40 6980 [Note] InnoDB: Restoring possible half-written data pages 
2018-09-26 08:02:40 6980 [Note] InnoDB: from the doublewrite buffer...
2018-09-26 08:02:41 6980 [Note] InnoDB: 128 rollback segment(s) are active.
2018-09-26 08:02:41 6980 [Note] InnoDB: Waiting for purge to start
2018-09-26 08:02:41 6980 [Note] InnoDB: 5.6.13 started; log sequence number 4576098
2018-09-26 08:02:41 6980 [Note] Server hostname (bind-address): '*'; port: 3307
2018-09-26 08:02:41 6980 [Note] IPv6 is available.
2018-09-26 08:02:41 6980 [Note]   - '::' resolves to '::';
2018-09-26 08:02:41 6980 [Note] Server socket created on IP: '::'.
2018-09-26 08:03:01 7908 [Note] Plugin 'FEDERATED' is disabled.
2018-09-26 08:03:01 7908 [Note] InnoDB: The InnoDB memory heap is disabled
2018-09-26 08:03:01 7908 [Note] InnoDB: Mutexes and rw_locks use Windows interlocked functions
2018-09-26 08:03:01 7908 [Note] InnoDB: Compressed tables use zlib 1.2.3
2018-09-26 08:03:01 7908 [Note] InnoDB: Not using CPU crc32 instructions
2018-09-26 08:03:01 7908 [Note] InnoDB: Initializing buffer pool, size = 128.0M
2018-09-26 08:03:01 7908 [Note] InnoDB: Completed initialization of buffer pool
2018-09-26 08:03:01 7908 [Note] InnoDB: Highest supported file format is Barracuda.
2018-09-26 08:03:01 7908 [Note] InnoDB: The log sequence numbers 1626134 and 1626134 in ibdata files do not match the log sequence number 4576213 in the ib_logfiles!
2018-09-26 08:03:01 7908 [Note] InnoDB: Database was not shutdown normally!
2018-09-26 08:03:01 7908 [Note] InnoDB: Starting crash recovery.
2018-09-26 08:03:01 7908 [Note] InnoDB: Reading tablespace information from the .ibd files...
2018-09-26 08:03:01 7908 [Note] InnoDB: Restoring possible half-written data pages 
2018-09-26 08:03:01 7908 [Note] InnoDB: from the doublewrite buffer...
2018-09-26 08:03:02 7908 [Note] InnoDB: 128 rollback segment(s) are active.
2018-09-26 08:03:02 7908 [Note] InnoDB: Waiting for purge to start
2018-09-26 08:03:02 7908 [Note] InnoDB: 5.6.13 started; log sequence number 4576213
2018-09-26 08:03:02 7908 [Note] Server hostname (bind-address): '*'; port: 3307
2018-09-26 08:03:02 7908 [Note] IPv6 is available.
2018-09-26 08:03:02 7908 [Note]   - '::' resolves to '::';
2018-09-26 08:03:02 7908 [Note] Server socket created on IP: '::'.
2018-09-29 07:44:50 9244 [Note] Plugin 'FEDERATED' is disabled.
2018-09-29 07:44:50 9244 [Note] InnoDB: The InnoDB memory heap is disabled
2018-09-29 07:44:50 9244 [Note] InnoDB: Mutexes and rw_locks use Windows interlocked functions
2018-09-29 07:44:50 9244 [Note] InnoDB: Compressed tables use zlib 1.2.3
2018-09-29 07:44:50 9244 [Note] InnoDB: Not using CPU crc32 instructions
2018-09-29 07:44:50 9244 [Note] InnoDB: Initializing buffer pool, size = 128.0M
2018-09-29 07:44:50 9244 [Note] InnoDB: Completed initialization of buffer pool
2018-09-29 07:44:51 9244 [Note] InnoDB: Highest supported file format is Barracuda.
2018-09-29 07:44:51 9244 [Note] InnoDB: The log sequence numbers 1626134 and 1626134 in ibdata files do not match the log sequence number 5773422 in the ib_logfiles!
2018-09-29 07:44:51 9244 [Note] InnoDB: Database was not shutdown normally!
2018-09-29 07:44:51 9244 [Note] InnoDB: Starting crash recovery.
2018-09-29 07:44:51 9244 [Note] InnoDB: Reading tablespace information from the .ibd files...
2018-09-29 07:44:51 9244 [Note] InnoDB: Restoring possible half-written data pages 
2018-09-29 07:44:51 9244 [Note] InnoDB: from the doublewrite buffer...
2018-09-29 07:44:52 9244 [Note] InnoDB: 128 rollback segment(s) are active.
2018-09-29 07:44:52 9244 [Note] InnoDB: Waiting for purge to start
2018-09-29 07:44:52 9244 [Note] InnoDB: 5.6.13 started; log sequence number 5773422
2018-09-29 07:44:52 9244 [Note] Server hostname (bind-address): '*'; port: 3307
2018-09-29 07:44:52 9244 [Note] IPv6 is available.
2018-09-29 07:44:52 9244 [Note]   - '::' resolves to '::';
2018-09-29 07:44:52 9244 [Note] Server socket created on IP: '::'.
